[I 2026-04-24 10:11:07,332] Using an existing study with name 'ficus_aux-sign_stage1only_100k_lr0p0003_decay100_mlr0.0003_args_muon_lr_only' instead of creating a new one.
[I 2026-04-24 12:18:53,491] Trial 1 finished with value: 28.74040985107422 and parameters: {'lrate': 0.001781796460603777, 'lrate_decay': 386, 'muon_lrate': 0.0012019450985893186}. Best is trial 1 with value: 28.74040985107422.
[I 2026-04-24 14:26:50,366] Trial 2 finished with value: 28.84329128265381 and parameters: {'lrate': 0.0017711845940916215, 'lrate_decay': 269, 'muon_lrate': 0.0013274414292574908}. Best is trial 2 with value: 28.84329128265381.
[I 2026-04-24 16:34:31,206] Trial 3 finished with value: 28.803251266479492 and parameters: {'lrate': 0.0014814854704092697, 'lrate_decay': 457, 'muon_lrate': 0.0027592052977704327}. Best is trial 2 with value: 28.84329128265381.
[I 2026-04-24 18:42:29,747] Trial 4 finished with value: 28.5703125 and parameters: {'lrate': 0.0013352921008295997, 'lrate_decay': 417, 'muon_lrate': 0.0010139491476424019}. Best is trial 2 with value: 28.84329128265381.
[I 2026-04-24 20:50:40,050] Trial 5 finished with value: 27.92000102996826 and parameters: {'lrate': 0.0018337203149536173, 'lrate_decay': 471, 'muon_lrate': 0.00035331112522565144}. Best is trial 2 with value: 28.84329128265381.
[I 2026-04-24 22:58:04,677] Trial 6 finished with value: 29.159128189086914 and parameters: {'lrate': 0.0028398147403279855, 'lrate_decay': 159, 'muon_lrate': 0.002304890024875638}. Best is trial 6 with value: 29.159128189086914.
[I 2026-04-25 01:05:36,222] Trial 7 finished with value: 29.42527675628662 and parameters: {'lrate': 0.002810028958575142, 'lrate_decay': 111, 'muon_lrate': 0.0029244738514029476}. Best is trial 7 with value: 29.42527675628662.
[I 2026-04-25 03:13:29,518] Trial 8 finished with value: 26.86488151550293 and parameters: {'lrate': 0.00046030873820958416, 'lrate_decay': 138, 'muon_lrate': 0.00035472207152279894}. Best is trial 7 with value: 29.42527675628662.
[I 2026-04-25 05:20:49,232] Trial 9 finished with value: 28.310264587402344 and parameters: {'lrate': 0.0029835818876275413, 'lrate_decay': 241, 'muon_lrate': 0.0005358722963107287}. Best is trial 7 with value: 29.42527675628662.
[I 2026-04-25 07:28:20,309] Trial 10 finished with value: 29.1415958404541 and parameters: {'lrate': 0.0024120932972754756, 'lrate_decay': 114, 'muon_lrate': 0.0017485836924349654}. Best is trial 7 with value: 29.42527675628662.
[I 2026-04-25 09:36:21,444] Trial 11 finished with value: 28.31821060180664 and parameters: {'lrate': 0.0005341089526404831, 'lrate_decay': 337, 'muon_lrate': 0.0006646271302500591}. Best is trial 7 with value: 29.42527675628662.
[I 2026-04-25 11:43:41,685] Trial 12 finished with value: 29.154532432556152 and parameters: {'lrate': 0.0029168527352741677, 'lrate_decay': 190, 'muon_lrate': 0.00286508940387532}. Best is trial 7 with value: 29.42527675628662.
[I 2026-04-25 13:51:26,619] Trial 13 finished with value: 29.11823558807373 and parameters: {'lrate': 0.002436662543369484, 'lrate_decay': 183, 'muon_lrate': 0.00207208572112674}. Best is trial 7 with value: 29.42527675628662.
[I 2026-04-25 15:59:03,494] Trial 14 finished with value: 29.2155704498291 and parameters: {'lrate': 0.0024636601106603454, 'lrate_decay': 101, 'muon_lrate': 0.0019656487873088253}. Best is trial 7 with value: 29.42527675628662.
[I 2026-04-25 18:06:37,011] Trial 15 finished with value: 29.188855171203613 and parameters: {'lrate': 0.0023439040012111756, 'lrate_decay': 103, 'muon_lrate': 0.0016289418305252606}. Best is trial 7 with value: 29.42527675628662.
[I 2026-04-25 20:13:57,786] Trial 16 finished with value: 29.129690170288086 and parameters: {'lrate': 0.0021619208450111074, 'lrate_decay': 223, 'muon_lrate': 0.0020420812318255564}. Best is trial 7 with value: 29.42527675628662.
[I 2026-04-25 22:21:44,108] Trial 17 finished with value: 28.54934597015381 and parameters: {'lrate': 0.002662077796297441, 'lrate_decay': 316, 'muon_lrate': 0.0007877008324421208}. Best is trial 7 with value: 29.42527675628662.
[I 2026-04-26 00:29:32,707] Trial 18 finished with value: 28.91445827484131 and parameters: {'lrate': 0.001240184020299595, 'lrate_decay': 205, 'muon_lrate': 0.001405206341484345}. Best is trial 7 with value: 29.42527675628662.
[I 2026-04-26 02:36:53,775] Trial 19 finished with value: 29.331418991088867 and parameters: {'lrate': 0.0021283110129033654, 'lrate_decay': 101, 'muon_lrate': 0.002564020068840575}. Best is trial 7 with value: 29.42527675628662.
[I 2026-04-26 04:44:23,474] Trial 20 finished with value: 29.285000801086426 and parameters: {'lrate': 0.0020906562441262103, 'lrate_decay': 152, 'muon_lrate': 0.0028674192470813558}. Best is trial 7 with value: 29.42527675628662.
[DONE] Summary saved to /workspace/nerf-pytorch/logs/100k_muon_lr/ficus/aux-sign/lr0p0003_decay100_mlr0.0003_args/ficus_aux-sign_100k_lr0p0003_decay100_mlr0.0003_args_muon_lr_only_summary.json
