[I 2026-04-24 10:11:14,085] Using an existing study with name 'hotdog_aux-sign_stage1only_100k_lr0p0003_decay100_mlr0.0003_args_muon_lr_only' instead of creating a new one.
[I 2026-04-24 12:19:07,671] Trial 1 finished with value: 37.44899940490723 and parameters: {'lrate': 0.001781796460603777, 'lrate_decay': 386, 'muon_lrate': 0.0012019450985893186}. Best is trial 1 with value: 37.44899940490723.
[I 2026-04-24 14:27:16,539] Trial 2 finished with value: 37.78413963317871 and parameters: {'lrate': 0.0017711845940916215, 'lrate_decay': 269, 'muon_lrate': 0.0013274414292574908}. Best is trial 2 with value: 37.78413963317871.
[I 2026-04-24 16:35:04,765] Trial 3 finished with value: 37.626644134521484 and parameters: {'lrate': 0.0014814854704092697, 'lrate_decay': 457, 'muon_lrate': 0.0027592052977704327}. Best is trial 2 with value: 37.78413963317871.
[I 2026-04-24 18:43:10,771] Trial 4 finished with value: 37.182931900024414 and parameters: {'lrate': 0.0013352921008295997, 'lrate_decay': 417, 'muon_lrate': 0.0010139491476424019}. Best is trial 2 with value: 37.78413963317871.
[I 2026-04-24 20:51:21,005] Trial 5 finished with value: 36.03543281555176 and parameters: {'lrate': 0.0018337203149536173, 'lrate_decay': 471, 'muon_lrate': 0.00035331112522565144}. Best is trial 2 with value: 37.78413963317871.
[I 2026-04-24 22:58:50,291] Trial 6 finished with value: 38.36896324157715 and parameters: {'lrate': 0.0028398147403279855, 'lrate_decay': 159, 'muon_lrate': 0.002304890024875638}. Best is trial 6 with value: 38.36896324157715.
[I 2026-04-25 01:06:24,241] Trial 7 finished with value: 38.62452507019043 and parameters: {'lrate': 0.002810028958575142, 'lrate_decay': 111, 'muon_lrate': 0.0029244738514029476}. Best is trial 7 with value: 38.62452507019043.
[I 2026-04-25 03:14:21,932] Trial 8 finished with value: 35.3797664642334 and parameters: {'lrate': 0.00046030873820958416, 'lrate_decay': 138, 'muon_lrate': 0.00035472207152279894}. Best is trial 7 with value: 38.62452507019043.
[I 2026-04-25 05:21:42,105] Trial 9 finished with value: 36.69034385681152 and parameters: {'lrate': 0.0029835818876275413, 'lrate_decay': 241, 'muon_lrate': 0.0005358722963107287}. Best is trial 7 with value: 38.62452507019043.
[I 2026-04-25 07:29:22,262] Trial 10 finished with value: 38.181230545043945 and parameters: {'lrate': 0.0024120932972754756, 'lrate_decay': 114, 'muon_lrate': 0.0017485836924349654}. Best is trial 7 with value: 38.62452507019043.
[I 2026-04-25 09:37:25,826] Trial 11 finished with value: 36.79300308227539 and parameters: {'lrate': 0.0005341089526404831, 'lrate_decay': 337, 'muon_lrate': 0.0006646271302500591}. Best is trial 7 with value: 38.62452507019043.
[I 2026-04-25 11:44:49,594] Trial 12 finished with value: 38.33050727844238 and parameters: {'lrate': 0.0029168527352741677, 'lrate_decay': 190, 'muon_lrate': 0.00286508940387532}. Best is trial 7 with value: 38.62452507019043.
[I 2026-04-25 13:52:37,010] Trial 13 finished with value: 38.101144790649414 and parameters: {'lrate': 0.002436662543369484, 'lrate_decay': 183, 'muon_lrate': 0.00207208572112674}. Best is trial 7 with value: 38.62452507019043.
[I 2026-04-25 16:00:17,205] Trial 14 finished with value: 38.319488525390625 and parameters: {'lrate': 0.0024636601106603454, 'lrate_decay': 101, 'muon_lrate': 0.0019656487873088253}. Best is trial 7 with value: 38.62452507019043.
[I 2026-04-25 18:07:52,408] Trial 15 finished with value: 38.338876724243164 and parameters: {'lrate': 0.002627823401699603, 'lrate_decay': 170, 'muon_lrate': 0.002995568835831564}. Best is trial 7 with value: 38.62452507019043.
[I 2026-04-25 20:15:18,285] Trial 16 finished with value: 37.74479103088379 and parameters: {'lrate': 0.002119903558827145, 'lrate_decay': 229, 'muon_lrate': 0.001549516401044013}. Best is trial 7 with value: 38.62452507019043.
[I 2026-04-25 22:23:09,341] Trial 17 finished with value: 37.733924865722656 and parameters: {'lrate': 0.0027230004107956164, 'lrate_decay': 320, 'muon_lrate': 0.0023070883699271225}. Best is trial 7 with value: 38.62452507019043.
[I 2026-04-26 00:31:02,194] Trial 18 finished with value: 36.98147201538086 and parameters: {'lrate': 0.0010213007259392175, 'lrate_decay': 147, 'muon_lrate': 0.0007067483278958013}. Best is trial 7 with value: 38.62452507019043.
[I 2026-04-26 02:38:29,494] Trial 19 finished with value: 38.00964546203613 and parameters: {'lrate': 0.0021283110129033654, 'lrate_decay': 224, 'muon_lrate': 0.0023179048365873224}. Best is trial 7 with value: 38.62452507019043.
[I 2026-04-26 04:46:06,364] Trial 20 finished with value: 37.6771125793457 and parameters: {'lrate': 0.0021431930138418698, 'lrate_decay': 269, 'muon_lrate': 0.0014714290313199696}. Best is trial 7 with value: 38.62452507019043.
[DONE] Summary saved to /workspace/nerf-pytorch/logs/100k_muon_lr/hotdog/aux-sign/lr0p0003_decay100_mlr0.0003_args/hotdog_aux-sign_100k_lr0p0003_decay100_mlr0.0003_args_muon_lr_only_summary.json
