[I 2026-04-22 09:06:34,063] A new study created in RDB with name: ficus_aux-sign10-rsclF_stage1only_100k_adam_lr0p0005_decay250_muon_lr_only
[I 2026-04-22 11:30:34,812] Trial 0 finished with value: 28.613961219787598 and parameters: {'muon_lrate': 0.0010615360772719654}. Best is trial 0 with value: 28.613961219787598.
[I 2026-04-22 13:53:55,852] Trial 1 finished with value: 29.008289337158203 and parameters: {'muon_lrate': 0.0015570789053085492}. Best is trial 1 with value: 29.008289337158203.
[I 2026-04-22 16:17:08,372] Trial 2 finished with value: 28.763460159301758 and parameters: {'muon_lrate': 0.0012019450985893186}. Best is trial 1 with value: 29.008289337158203.
[I 2026-04-22 18:40:45,071] Trial 3 finished with value: 28.704648971557617 and parameters: {'muon_lrate': 0.0010519726230559959}. Best is trial 1 with value: 29.008289337158203.
[I 2026-04-22 21:04:36,832] Trial 4 finished with value: 28.521652221679688 and parameters: {'muon_lrate': 0.0007957489130278428}. Best is trial 1 with value: 29.008289337158203.
[I 2026-04-22 23:28:19,336] Trial 5 finished with value: 29.098353385925293 and parameters: {'muon_lrate': 0.002672726662937708}. Best is trial 5 with value: 29.098353385925293.
[I 2026-04-23 01:51:29,934] Trial 6 finished with value: 29.12659454345703 and parameters: {'muon_lrate': 0.0029056726218200783}. Best is trial 6 with value: 29.12659454345703.
[I 2026-04-23 04:14:56,365] Trial 7 finished with value: 27.55799961090088 and parameters: {'muon_lrate': 0.00031469517880745174}. Best is trial 6 with value: 29.12659454345703.
[I 2026-04-23 06:37:56,296] Trial 8 finished with value: 29.115670204162598 and parameters: {'muon_lrate': 0.0025513004740846646}. Best is trial 6 with value: 29.12659454345703.
[I 2026-04-23 09:01:33,087] Trial 9 finished with value: 28.256409645080566 and parameters: {'muon_lrate': 0.0005479013872615021}. Best is trial 6 with value: 29.12659454345703.
[I 2026-04-23 11:24:48,500] Trial 10 finished with value: 29.000600814819336 and parameters: {'muon_lrate': 0.0018551412485878795}. Best is trial 6 with value: 29.12659454345703.
[I 2026-04-23 13:47:30,918] Trial 11 finished with value: 29.042686462402344 and parameters: {'muon_lrate': 0.002555483944514481}. Best is trial 6 with value: 29.12659454345703.
