[I 2026-04-24 10:11:07,332] Using an existing study with name 'ficus_aux-sign_stage1only_100k_lr0p0003_decay100_mlr0.0003_args_muon_lr_only' instead of creating a new one.
[I 2026-04-24 12:18:53,491] Trial 1 finished with value: 28.74040985107422 and parameters: {'lrate': 0.001781796460603777, 'lrate_decay': 386, 'muon_lrate': 0.0012019450985893186}. Best is trial 1 with value: 28.74040985107422.
[I 2026-04-24 14:26:50,366] Trial 2 finished with value: 28.84329128265381 and parameters: {'lrate': 0.0017711845940916215, 'lrate_decay': 269, 'muon_lrate': 0.0013274414292574908}. Best is trial 2 with value: 28.84329128265381.
[I 2026-04-24 16:34:31,206] Trial 3 finished with value: 28.803251266479492 and parameters: {'lrate': 0.0014814854704092697, 'lrate_decay': 457, 'muon_lrate': 0.0027592052977704327}. Best is trial 2 with value: 28.84329128265381.
[I 2026-04-24 18:42:29,747] Trial 4 finished with value: 28.5703125 and parameters: {'lrate': 0.0013352921008295997, 'lrate_decay': 417, 'muon_lrate': 0.0010139491476424019}. Best is trial 2 with value: 28.84329128265381.
[I 2026-04-24 20:50:40,050] Trial 5 finished with value: 27.92000102996826 and parameters: {'lrate': 0.0018337203149536173, 'lrate_decay': 471, 'muon_lrate': 0.00035331112522565144}. Best is trial 2 with value: 28.84329128265381.
[I 2026-04-24 22:58:04,677] Trial 6 finished with value: 29.159128189086914 and parameters: {'lrate': 0.0028398147403279855, 'lrate_decay': 159, 'muon_lrate': 0.002304890024875638}. Best is trial 6 with value: 29.159128189086914.
[I 2026-04-25 01:05:36,222] Trial 7 finished with value: 29.42527675628662 and parameters: {'lrate': 0.002810028958575142, 'lrate_decay': 111, 'muon_lrate': 0.0029244738514029476}. Best is trial 7 with value: 29.42527675628662.
[I 2026-04-25 03:13:29,518] Trial 8 finished with value: 26.86488151550293 and parameters: {'lrate': 0.00046030873820958416, 'lrate_decay': 138, 'muon_lrate': 0.00035472207152279894}. Best is trial 7 with value: 29.42527675628662.
[I 2026-04-25 05:20:49,232] Trial 9 finished with value: 28.310264587402344 and parameters: {'lrate': 0.0029835818876275413, 'lrate_decay': 241, 'muon_lrate': 0.0005358722963107287}. Best is trial 7 with value: 29.42527675628662.
[I 2026-04-25 07:28:20,309] Trial 10 finished with value: 29.1415958404541 and parameters: {'lrate': 0.0024120932972754756, 'lrate_decay': 114, 'muon_lrate': 0.0017485836924349654}. Best is trial 7 with value: 29.42527675628662.
