[I 2026-04-26 09:56:11,643] Using an existing study with name 'materials_aux-sign_stage1only_100k_lr0p0003_decay100_mlr0.0003_args_muon_lr_only' instead of creating a new one.
[I 2026-04-26 12:04:29,620] Trial 1 finished with value: 29.54500389099121 and parameters: {'lrate': 0.001781796460603777, 'lrate_decay': 386, 'muon_lrate': 0.0012019450985893186}. Best is trial 1 with value: 29.54500389099121.
[I 2026-04-26 14:11:57,913] Trial 2 finished with value: 29.695907592773438 and parameters: {'lrate': 0.0017711845940916215, 'lrate_decay': 269, 'muon_lrate': 0.0013274414292574908}. Best is trial 2 with value: 29.695907592773438.
[I 2026-04-26 16:19:32,395] Trial 3 finished with value: 29.51738452911377 and parameters: {'lrate': 0.0014814854704092697, 'lrate_decay': 457, 'muon_lrate': 0.0027592052977704327}. Best is trial 2 with value: 29.695907592773438.
[I 2026-04-26 18:27:12,967] Trial 4 finished with value: 29.34224510192871 and parameters: {'lrate': 0.0013352921008295997, 'lrate_decay': 417, 'muon_lrate': 0.0010139491476424019}. Best is trial 2 with value: 29.695907592773438.
[I 2026-04-26 20:34:56,239] Trial 5 finished with value: 28.163509368896484 and parameters: {'lrate': 0.0018337203149536173, 'lrate_decay': 471, 'muon_lrate': 0.00035331112522565144}. Best is trial 2 with value: 29.695907592773438.
[I 2026-04-26 22:43:08,601] Trial 6 finished with value: 29.986245155334473 and parameters: {'lrate': 0.0028398147403279855, 'lrate_decay': 159, 'muon_lrate': 0.002304890024875638}. Best is trial 6 with value: 29.986245155334473.
[I 2026-04-27 00:50:59,404] Trial 7 finished with value: 30.15203094482422 and parameters: {'lrate': 0.002810028958575142, 'lrate_decay': 111, 'muon_lrate': 0.0029244738514029476}. Best is trial 7 with value: 30.15203094482422.
