[I 2026-04-26 09:51:55,168] A new study created in RDB with name: chair_aux-sign_stage1only_100k_lr0p0003_decay100_mlr0.0003_args_muon_lr_only
[I 2026-04-26 11:53:04,968] Trial 0 finished with value: 32.572452545166016 and parameters: {'lrate': 0.001781796460603777, 'lrate_decay': 386, 'muon_lrate': 0.0012019450985893186}. Best is trial 0 with value: 32.572452545166016.
[I 2026-04-26 13:54:16,602] Trial 1 finished with value: 32.7273530960083 and parameters: {'lrate': 0.0017711845940916215, 'lrate_decay': 269, 'muon_lrate': 0.0013274414292574908}. Best is trial 1 with value: 32.7273530960083.
[I 2026-04-26 15:55:25,788] Trial 2 finished with value: 32.78373432159424 and parameters: {'lrate': 0.0014814854704092697, 'lrate_decay': 457, 'muon_lrate': 0.0027592052977704327}. Best is trial 2 with value: 32.78373432159424.
[I 2026-04-26 17:56:38,810] Trial 3 finished with value: 32.27753829956055 and parameters: {'lrate': 0.0013352921008295997, 'lrate_decay': 417, 'muon_lrate': 0.0010139491476424019}. Best is trial 2 with value: 32.78373432159424.
[I 2026-04-26 19:57:55,950] Trial 4 finished with value: 31.115965843200684 and parameters: {'lrate': 0.0018337203149536173, 'lrate_decay': 471, 'muon_lrate': 0.00035331112522565144}. Best is trial 2 with value: 32.78373432159424.
[I 2026-04-26 21:59:08,983] Trial 5 finished with value: 33.311140060424805 and parameters: {'lrate': 0.00035490307338731223, 'lrate_decay': 155, 'muon_lrate': 0.002690912124985378}. Best is trial 5 with value: 33.311140060424805.
[I 2026-04-27 00:00:18,901] Trial 6 finished with value: 33.50967597961426 and parameters: {'lrate': 0.00035412377657100045, 'lrate_decay': 111, 'muon_lrate': 0.0029259814710696215}. Best is trial 6 with value: 33.50967597961426.
[I 2026-04-27 02:01:31,906] Trial 7 finished with value: 30.297940254211426 and parameters: {'lrate': 0.00042819590380203476, 'lrate_decay': 138, 'muon_lrate': 0.00035472207152279894}. Best is trial 6 with value: 33.50967597961426.
[I 2026-04-27 04:02:38,151] Trial 8 finished with value: 32.962379455566406 and parameters: {'lrate': 0.0029835818876275413, 'lrate_decay': 241, 'muon_lrate': 0.001756747300270096}. Best is trial 6 with value: 33.50967597961426.
[I 2026-04-27 06:03:46,448] Trial 9 finished with value: 31.368094444274902 and parameters: {'lrate': 0.0009094209298598038, 'lrate_decay': 204, 'muon_lrate': 0.0005565765131952437}. Best is trial 6 with value: 33.50967597961426.
[I 2026-04-27 08:04:56,697] Trial 10 finished with value: 31.930790901184082 and parameters: {'lrate': 0.0026651943880846114, 'lrate_decay': 337, 'muon_lrate': 0.0006646271302500591}. Best is trial 6 with value: 33.50967597961426.
[I 2026-04-27 10:06:11,600] Trial 11 finished with value: 33.514652252197266 and parameters: {'lrate': 0.00040441047995590625, 'lrate_decay': 119, 'muon_lrate': 0.0028651807424552407}. Best is trial 11 with value: 33.514652252197266.
[I 2026-04-27 12:07:18,914] Trial 12 finished with value: 33.09746551513672 and parameters: {'lrate': 0.0007307877141092226, 'lrate_decay': 102, 'muon_lrate': 0.002027395151253766}. Best is trial 11 with value: 33.514652252197266.
[I 2026-04-27 14:08:34,718] Trial 13 finished with value: 32.94434928894043 and parameters: {'lrate': 0.0009760914971662465, 'lrate_decay': 201, 'muon_lrate': 0.0018003978430660057}. Best is trial 11 with value: 33.514652252197266.
[I 2026-04-27 16:09:47,408] Trial 14 finished with value: 33.5897216796875 and parameters: {'lrate': 0.00033347054226753154, 'lrate_decay': 107, 'muon_lrate': 0.002991853132208196}. Best is trial 14 with value: 33.5897216796875.
[I 2026-04-27 18:10:59,707] Trial 15 finished with value: 33.26565361022949 and parameters: {'lrate': 0.0011850420508723392, 'lrate_decay': 180, 'muon_lrate': 0.00211889755281828}. Best is trial 14 with value: 33.5897216796875.
[I 2026-04-27 20:12:12,780] Trial 16 finished with value: 31.981096267700195 and parameters: {'lrate': 0.002256685652124559, 'lrate_decay': 316, 'muon_lrate': 0.0007093884990013505}. Best is trial 14 with value: 33.5897216796875.
[I 2026-04-27 22:13:25,202] Trial 17 finished with value: 32.58579921722412 and parameters: {'lrate': 0.0006187719340318644, 'lrate_decay': 261, 'muon_lrate': 0.001387674454068362}. Best is trial 14 with value: 33.5897216796875.
[I 2026-04-28 00:14:38,431] Trial 18 finished with value: 33.3220157623291 and parameters: {'lrate': 0.0007359754344391912, 'lrate_decay': 139, 'muon_lrate': 0.0023123159858918917}. Best is trial 14 with value: 33.5897216796875.
[I 2026-04-28 02:15:53,648] Trial 19 finished with value: 32.95158576965332 and parameters: {'lrate': 0.0011069922239228982, 'lrate_decay': 217, 'muon_lrate': 0.0016280004843259683}. Best is trial 14 with value: 33.5897216796875.
[DONE] Summary saved to /workspace/nerf-pytorch/logs/100k_muon_lr/chair/aux-sign/lr0p0003_decay100_mlr0.0003_args/chair_aux-sign_100k_lr0p0003_decay100_mlr0.0003_args_muon_lr_only_summary.json
