[I 2026-04-26 09:52:10,884] A new study created in RDB with name: drums_aux-sign_stage1only_100k_lr0p0003_decay100_mlr0.0003_args_muon_lr_only
[I 2026-04-26 11:54:43,317] Trial 0 finished with value: 27.082874298095703 and parameters: {'lrate': 0.001781796460603777, 'lrate_decay': 386, 'muon_lrate': 0.0012019450985893186}. Best is trial 0 with value: 27.082874298095703.
[I 2026-04-26 13:56:57,606] Trial 1 finished with value: 27.278106689453125 and parameters: {'lrate': 0.0017711845940916215, 'lrate_decay': 269, 'muon_lrate': 0.0013274414292574908}. Best is trial 1 with value: 27.278106689453125.
[I 2026-04-26 15:59:01,618] Trial 2 finished with value: 27.181288719177246 and parameters: {'lrate': 0.0014814854704092697, 'lrate_decay': 457, 'muon_lrate': 0.0027592052977704327}. Best is trial 1 with value: 27.278106689453125.
[I 2026-04-26 18:01:42,131] Trial 3 finished with value: 27.010578155517578 and parameters: {'lrate': 0.0013352921008295997, 'lrate_decay': 417, 'muon_lrate': 0.0010139491476424019}. Best is trial 1 with value: 27.278106689453125.
[I 2026-04-26 20:03:49,076] Trial 4 finished with value: 25.948225021362305 and parameters: {'lrate': 0.0018337203149536173, 'lrate_decay': 471, 'muon_lrate': 0.00035331112522565144}. Best is trial 1 with value: 27.278106689453125.
[I 2026-04-26 22:06:00,505] Trial 5 finished with value: 27.651992797851562 and parameters: {'lrate': 0.0028398147403279855, 'lrate_decay': 159, 'muon_lrate': 0.002304890024875638}. Best is trial 5 with value: 27.651992797851562.
[I 2026-04-27 00:08:05,634] Trial 6 finished with value: 27.986865997314453 and parameters: {'lrate': 0.002810028958575142, 'lrate_decay': 111, 'muon_lrate': 0.0029244738514029476}. Best is trial 6 with value: 27.986865997314453.
[I 2026-04-27 02:10:24,415] Trial 7 finished with value: 25.120920181274414 and parameters: {'lrate': 0.00046030873820958416, 'lrate_decay': 138, 'muon_lrate': 0.00035472207152279894}. Best is trial 6 with value: 27.986865997314453.
[I 2026-04-27 04:12:34,690] Trial 8 finished with value: 26.469785690307617 and parameters: {'lrate': 0.0029835818876275413, 'lrate_decay': 241, 'muon_lrate': 0.0005358722963107287}. Best is trial 6 with value: 27.986865997314453.
[I 2026-04-27 06:14:42,514] Trial 9 finished with value: 27.577234268188477 and parameters: {'lrate': 0.0024120932972754756, 'lrate_decay': 114, 'muon_lrate': 0.0017485836924349654}. Best is trial 6 with value: 27.986865997314453.
[I 2026-04-27 08:16:55,734] Trial 10 finished with value: 26.456762313842773 and parameters: {'lrate': 0.0005341089526404831, 'lrate_decay': 337, 'muon_lrate': 0.0006646271302500591}. Best is trial 6 with value: 27.986865997314453.
[I 2026-04-27 10:18:51,956] Trial 11 finished with value: 27.694628715515137 and parameters: {'lrate': 0.0029168527352741677, 'lrate_decay': 190, 'muon_lrate': 0.00286508940387532}. Best is trial 6 with value: 27.986865997314453.
[I 2026-04-27 12:21:00,769] Trial 12 finished with value: 27.591931343078613 and parameters: {'lrate': 0.0024317494102239546, 'lrate_decay': 209, 'muon_lrate': 0.0020269980300994064}. Best is trial 6 with value: 27.986865997314453.
[I 2026-04-27 14:23:06,422] Trial 13 finished with value: 27.65714931488037 and parameters: {'lrate': 0.002457717067810308, 'lrate_decay': 201, 'muon_lrate': 0.002875440622053905}. Best is trial 6 with value: 27.986865997314453.
[I 2026-04-27 16:25:09,391] Trial 14 finished with value: 27.606937408447266 and parameters: {'lrate': 0.0026339024057822433, 'lrate_decay': 108, 'muon_lrate': 0.0016289418305252606}. Best is trial 6 with value: 27.986865997314453.
[I 2026-04-27 18:27:21,767] Trial 15 finished with value: 27.665431022644043 and parameters: {'lrate': 0.0020851100598606774, 'lrate_decay': 181, 'muon_lrate': 0.0028472118248572694}. Best is trial 6 with value: 27.986865997314453.
[I 2026-04-27 20:29:50,122] Trial 16 finished with value: 26.814105987548828 and parameters: {'lrate': 0.0008392904796379148, 'lrate_decay': 313, 'muon_lrate': 0.0007877008324421208}. Best is trial 6 with value: 27.986865997314453.
[I 2026-04-27 22:32:05,222] Trial 17 finished with value: 27.449767112731934 and parameters: {'lrate': 0.0021107217531402237, 'lrate_decay': 244, 'muon_lrate': 0.0016002473662159557}. Best is trial 6 with value: 27.986865997314453.
[I 2026-04-28 00:34:15,488] Trial 18 finished with value: 27.828584671020508 and parameters: {'lrate': 0.002736553881594433, 'lrate_decay': 100, 'muon_lrate': 0.0021583617266043944}. Best is trial 6 with value: 27.986865997314453.
[I 2026-04-28 02:36:24,892] Trial 19 finished with value: 27.722715377807617 and parameters: {'lrate': 0.001056070107627124, 'lrate_decay': 144, 'muon_lrate': 0.00214940662215869}. Best is trial 6 with value: 27.986865997314453.
[DONE] Summary saved to /workspace/nerf-pytorch/logs/100k_muon_lr/drums/aux-sign/lr0p0003_decay100_mlr0.0003_args/drums_aux-sign_100k_lr0p0003_decay100_mlr0.0003_args_muon_lr_only_summary.json
