[I 2026-04-24 10:13:28,974] Using an existing study with name 'mic_aux-sign_stage1only_100k_lr0p0003_decay100_mlr0.0003_args_muon_lr_only' instead of creating a new one.
[I 2026-04-24 12:14:29,840] Trial 2 finished with value: 31.309646606445312 and parameters: {'lrate': 0.001781796460603777, 'lrate_decay': 386, 'muon_lrate': 0.0012019450985893186}. Best is trial 2 with value: 31.309646606445312.
[I 2026-04-24 14:15:36,177] Trial 3 finished with value: 31.5417537689209 and parameters: {'lrate': 0.0017711845940916215, 'lrate_decay': 269, 'muon_lrate': 0.0013274414292574908}. Best is trial 3 with value: 31.5417537689209.
[I 2026-04-24 16:16:47,500] Trial 4 finished with value: 31.465810775756836 and parameters: {'lrate': 0.0014814854704092697, 'lrate_decay': 457, 'muon_lrate': 0.0027592052977704327}. Best is trial 3 with value: 31.5417537689209.
[I 2026-04-24 18:18:00,260] Trial 5 finished with value: 31.242653846740723 and parameters: {'lrate': 0.0013352921008295997, 'lrate_decay': 417, 'muon_lrate': 0.0010139491476424019}. Best is trial 3 with value: 31.5417537689209.
[I 2026-04-24 20:19:13,588] Trial 6 finished with value: 30.14948081970215 and parameters: {'lrate': 0.0018337203149536173, 'lrate_decay': 471, 'muon_lrate': 0.00035331112522565144}. Best is trial 3 with value: 31.5417537689209.
[I 2026-04-24 22:20:42,639] Trial 7 finished with value: 31.806507110595703 and parameters: {'lrate': 0.0028398147403279855, 'lrate_decay': 159, 'muon_lrate': 0.002304890024875638}. Best is trial 7 with value: 31.806507110595703.
[I 2026-04-25 00:21:54,837] Trial 8 finished with value: 32.05884552001953 and parameters: {'lrate': 0.002810028958575142, 'lrate_decay': 111, 'muon_lrate': 0.0029244738514029476}. Best is trial 8 with value: 32.05884552001953.
[I 2026-04-25 02:23:13,180] Trial 9 finished with value: 29.35276508331299 and parameters: {'lrate': 0.00046030873820958416, 'lrate_decay': 138, 'muon_lrate': 0.00035472207152279894}. Best is trial 8 with value: 32.05884552001953.
[I 2026-04-25 04:24:28,740] Trial 10 finished with value: 30.527636528015137 and parameters: {'lrate': 0.0029835818876275413, 'lrate_decay': 241, 'muon_lrate': 0.0005358722963107287}. Best is trial 8 with value: 32.05884552001953.
[I 2026-04-25 06:25:33,839] Trial 11 finished with value: 31.642797470092773 and parameters: {'lrate': 0.0024120932972754756, 'lrate_decay': 114, 'muon_lrate': 0.0017485836924349654}. Best is trial 8 with value: 32.05884552001953.
[I 2026-04-25 08:26:44,563] Trial 12 finished with value: 30.581730842590332 and parameters: {'lrate': 0.0005341089526404831, 'lrate_decay': 337, 'muon_lrate': 0.0006646271302500591}. Best is trial 8 with value: 32.05884552001953.
[I 2026-04-25 10:28:08,406] Trial 13 finished with value: 31.843144416809082 and parameters: {'lrate': 0.0029168527352741677, 'lrate_decay': 190, 'muon_lrate': 0.00286508940387532}. Best is trial 8 with value: 32.05884552001953.
[I 2026-04-25 12:29:28,809] Trial 14 finished with value: 31.779441833496094 and parameters: {'lrate': 0.0024317494102239546, 'lrate_decay': 209, 'muon_lrate': 0.0020269980300994064}. Best is trial 8 with value: 32.05884552001953.
[I 2026-04-25 14:30:40,749] Trial 15 finished with value: 31.885708808898926 and parameters: {'lrate': 0.002457717067810308, 'lrate_decay': 201, 'muon_lrate': 0.002875440622053905}. Best is trial 8 with value: 32.05884552001953.
[I 2026-04-25 16:31:55,365] Trial 16 finished with value: 31.634282112121582 and parameters: {'lrate': 0.0023439040012111756, 'lrate_decay': 110, 'muon_lrate': 0.0016289418305252606}. Best is trial 8 with value: 32.05884552001953.
[I 2026-04-25 18:33:04,981] Trial 17 finished with value: 31.87070655822754 and parameters: {'lrate': 0.0021620333182732375, 'lrate_decay': 181, 'muon_lrate': 0.0028472118248572694}. Best is trial 8 with value: 32.05884552001953.
[I 2026-04-25 20:34:14,468] Trial 18 finished with value: 31.1616792678833 and parameters: {'lrate': 0.002662077796297441, 'lrate_decay': 313, 'muon_lrate': 0.0007877008324421208}. Best is trial 8 with value: 32.05884552001953.
[I 2026-04-25 22:35:33,557] Trial 19 finished with value: 31.57692050933838 and parameters: {'lrate': 0.0012444352153702437, 'lrate_decay': 231, 'muon_lrate': 0.0016002473662159557}. Best is trial 8 with value: 32.05884552001953.
[I 2026-04-26 00:36:45,758] Trial 20 finished with value: 31.849721908569336 and parameters: {'lrate': 0.0021283110129033654, 'lrate_decay': 100, 'muon_lrate': 0.0021583617266043944}. Best is trial 8 with value: 32.05884552001953.
[I 2026-04-26 02:37:58,570] Trial 21 finished with value: 31.39461612701416 and parameters: {'lrate': 0.0025971606795933805, 'lrate_decay': 267, 'muon_lrate': 0.0012789264884011423}. Best is trial 8 with value: 32.05884552001953.
[DONE] Summary saved to /workspace/nerf-pytorch/logs/100k_muon_lr/mic/aux-sign/lr0p0003_decay100_mlr0.0003_args/mic_aux-sign_100k_lr0p0003_decay100_mlr0.0003_args_muon_lr_only_summary.json
