[I 2026-04-24 11:47:17,695] Using an existing study with name 'ship_aux-sign_stage1only_100k_lr0p0003_decay100_mlr0.0003_args_muon_lr_only' instead of creating a new one.
[I 2026-04-24 13:50:11,792] Trial 3 finished with value: 30.425293922424316 and parameters: {'lrate': 0.001781796460603777, 'lrate_decay': 386, 'muon_lrate': 0.0012019450985893186}. Best is trial 3 with value: 30.425293922424316.
[I 2026-04-24 15:52:50,243] Trial 4 finished with value: 30.512056350708008 and parameters: {'lrate': 0.0017711845940916215, 'lrate_decay': 269, 'muon_lrate': 0.0013274414292574908}. Best is trial 4 with value: 30.512056350708008.
[I 2026-04-24 17:55:09,542] Trial 5 finished with value: 30.544487953186035 and parameters: {'lrate': 0.0014814854704092697, 'lrate_decay': 457, 'muon_lrate': 0.0027592052977704327}. Best is trial 5 with value: 30.544487953186035.
[I 2026-04-24 19:57:52,125] Trial 6 finished with value: 30.19973087310791 and parameters: {'lrate': 0.0013352921008295997, 'lrate_decay': 417, 'muon_lrate': 0.0010139491476424019}. Best is trial 5 with value: 30.544487953186035.
[I 2026-04-24 22:00:44,513] Trial 7 finished with value: 28.86132049560547 and parameters: {'lrate': 0.0018337203149536173, 'lrate_decay': 471, 'muon_lrate': 0.00035331112522565144}. Best is trial 5 with value: 30.544487953186035.
[I 2026-04-25 00:03:53,552] Trial 8 finished with value: 31.044803619384766 and parameters: {'lrate': 0.00035490307338731223, 'lrate_decay': 155, 'muon_lrate': 0.002690912124985378}. Best is trial 8 with value: 31.044803619384766.
[I 2026-04-25 02:06:44,995] Trial 9 finished with value: 31.192842483520508 and parameters: {'lrate': 0.00035412377657100045, 'lrate_decay': 111, 'muon_lrate': 0.0029259814710696215}. Best is trial 9 with value: 31.192842483520508.
[I 2026-04-25 04:09:47,416] Trial 10 finished with value: 28.06085968017578 and parameters: {'lrate': 0.00042819590380203476, 'lrate_decay': 138, 'muon_lrate': 0.00035472207152279894}. Best is trial 9 with value: 31.192842483520508.
[I 2026-04-25 06:13:05,307] Trial 11 finished with value: 30.687746047973633 and parameters: {'lrate': 0.0029835818876275413, 'lrate_decay': 241, 'muon_lrate': 0.001756747300270096}. Best is trial 9 with value: 31.192842483520508.
[I 2026-04-25 08:16:12,773] Trial 12 finished with value: 29.16166877746582 and parameters: {'lrate': 0.0009094209298598038, 'lrate_decay': 204, 'muon_lrate': 0.0005565765131952437}. Best is trial 9 with value: 31.192842483520508.
[I 2026-04-25 10:19:17,893] Trial 13 finished with value: 29.755800247192383 and parameters: {'lrate': 0.0026651943880846114, 'lrate_decay': 337, 'muon_lrate': 0.0006646271302500591}. Best is trial 9 with value: 31.192842483520508.
[I 2026-04-25 12:22:08,059] Trial 14 finished with value: 31.102763175964355 and parameters: {'lrate': 0.00040441047995590625, 'lrate_decay': 119, 'muon_lrate': 0.0028651807424552407}. Best is trial 9 with value: 31.192842483520508.
[I 2026-04-25 14:25:28,013] Trial 15 finished with value: 30.90238094329834 and parameters: {'lrate': 0.0007307877141092226, 'lrate_decay': 102, 'muon_lrate': 0.002027395151253766}. Best is trial 9 with value: 31.192842483520508.
[I 2026-04-25 16:29:01,994] Trial 16 finished with value: 30.848421096801758 and parameters: {'lrate': 0.0009760914971662465, 'lrate_decay': 201, 'muon_lrate': 0.0018003978430660057}. Best is trial 9 with value: 31.192842483520508.
[I 2026-04-25 18:32:10,150] Trial 17 finished with value: 31.08396625518799 and parameters: {'lrate': 0.00033347054226753154, 'lrate_decay': 107, 'muon_lrate': 0.002991853132208196}. Best is trial 9 with value: 31.192842483520508.
[I 2026-04-25 20:35:15,002] Trial 18 finished with value: 30.828432083129883 and parameters: {'lrate': 0.0011850420508723392, 'lrate_decay': 181, 'muon_lrate': 0.002090536515143661}. Best is trial 9 with value: 31.192842483520508.
[I 2026-04-25 22:38:36,465] Trial 19 finished with value: 30.575495719909668 and parameters: {'lrate': 0.002196067492513074, 'lrate_decay': 313, 'muon_lrate': 0.0014862732154152004}. Best is trial 9 with value: 31.192842483520508.
[I 2026-04-26 00:42:06,790] Trial 20 finished with value: 29.720321655273438 and parameters: {'lrate': 0.0006349813052560549, 'lrate_decay': 238, 'muon_lrate': 0.0007407373404684951}. Best is trial 9 with value: 31.192842483520508.
[I 2026-04-26 02:45:16,035] Trial 21 finished with value: 31.04301357269287 and parameters: {'lrate': 0.0007309592777375183, 'lrate_decay': 144, 'muon_lrate': 0.0023134189197838613}. Best is trial 9 with value: 31.192842483520508.
[I 2026-04-26 04:48:21,506] Trial 22 finished with value: 30.710464477539062 and parameters: {'lrate': 0.0011033716229902877, 'lrate_decay': 170, 'muon_lrate': 0.0015864540702813777}. Best is trial 9 with value: 31.192842483520508.
[DONE] Summary saved to /workspace/nerf-pytorch/logs/100k_muon_lr/ship/aux-sign/lr0p0003_decay100_mlr0.0003_args/ship_aux-sign_100k_lr0p0003_decay100_mlr0.0003_args_muon_lr_only_summary.json
