[I 2026-04-26 09:54:53,650] A new study created in RDB with name: lego_aux-sign_stage1only_100k_lr0p0003_decay100_mlr0.0003_args_muon_lr_only
[I 2026-04-26 12:03:05,632] Trial 0 finished with value: 30.43479347229004 and parameters: {'lrate': 0.001781796460603777, 'lrate_decay': 386, 'muon_lrate': 0.0012019450985893186}. Best is trial 0 with value: 30.43479347229004.
[I 2026-04-26 14:10:37,190] Trial 1 finished with value: 30.67641258239746 and parameters: {'lrate': 0.0017711845940916215, 'lrate_decay': 269, 'muon_lrate': 0.0013274414292574908}. Best is trial 1 with value: 30.67641258239746.
[I 2026-04-26 16:18:13,745] Trial 2 finished with value: 30.806878089904785 and parameters: {'lrate': 0.0014814854704092697, 'lrate_decay': 457, 'muon_lrate': 0.0027592052977704327}. Best is trial 2 with value: 30.806878089904785.
[I 2026-04-26 18:25:53,957] Trial 3 finished with value: 30.245827674865723 and parameters: {'lrate': 0.0013352921008295997, 'lrate_decay': 417, 'muon_lrate': 0.0010139491476424019}. Best is trial 2 with value: 30.806878089904785.
[I 2026-04-26 20:33:35,406] Trial 4 finished with value: 29.018539428710938 and parameters: {'lrate': 0.0018337203149536173, 'lrate_decay': 471, 'muon_lrate': 0.00035331112522565144}. Best is trial 2 with value: 30.806878089904785.
[I 2026-04-26 22:41:53,935] Trial 5 finished with value: 31.24331283569336 and parameters: {'lrate': 0.00035490307338731223, 'lrate_decay': 155, 'muon_lrate': 0.002690912124985378}. Best is trial 5 with value: 31.24331283569336.
[I 2026-04-27 00:49:45,245] Trial 6 finished with value: 31.289533615112305 and parameters: {'lrate': 0.00035412377657100045, 'lrate_decay': 111, 'muon_lrate': 0.0029259814710696215}. Best is trial 6 with value: 31.289533615112305.
[I 2026-04-27 02:57:22,606] Trial 7 finished with value: 27.926825523376465 and parameters: {'lrate': 0.00042819590380203476, 'lrate_decay': 138, 'muon_lrate': 0.00035472207152279894}. Best is trial 6 with value: 31.289533615112305.
[I 2026-04-27 05:04:55,637] Trial 8 finished with value: 30.864070892333984 and parameters: {'lrate': 0.0029835818876275413, 'lrate_decay': 241, 'muon_lrate': 0.001756747300270096}. Best is trial 6 with value: 31.289533615112305.
[I 2026-04-27 07:12:43,145] Trial 9 finished with value: 29.250615119934082 and parameters: {'lrate': 0.0009094209298598038, 'lrate_decay': 204, 'muon_lrate': 0.0005565765131952437}. Best is trial 6 with value: 31.289533615112305.
[I 2026-04-27 09:20:22,750] Trial 10 finished with value: 30.01556396484375 and parameters: {'lrate': 0.0026651943880846114, 'lrate_decay': 337, 'muon_lrate': 0.0006646271302500591}. Best is trial 6 with value: 31.289533615112305.
[I 2026-04-27 11:27:54,695] Trial 11 finished with value: 31.372596740722656 and parameters: {'lrate': 0.00040441047995590625, 'lrate_decay': 119, 'muon_lrate': 0.0028651807424552407}. Best is trial 11 with value: 31.372596740722656.
[I 2026-04-27 13:35:50,328] Trial 12 finished with value: 30.99521827697754 and parameters: {'lrate': 0.0007307877141092226, 'lrate_decay': 102, 'muon_lrate': 0.002027395151253766}. Best is trial 11 with value: 31.372596740722656.
[I 2026-04-27 15:43:44,537] Trial 13 finished with value: 30.86934757232666 and parameters: {'lrate': 0.0009760914971662465, 'lrate_decay': 201, 'muon_lrate': 0.0018003978430660057}. Best is trial 11 with value: 31.372596740722656.
[I 2026-04-27 17:52:15,790] Trial 14 finished with value: 31.317044258117676 and parameters: {'lrate': 0.00033347054226753154, 'lrate_decay': 107, 'muon_lrate': 0.002991853132208196}. Best is trial 11 with value: 31.372596740722656.
[I 2026-04-27 20:00:13,789] Trial 15 finished with value: 31.10188102722168 and parameters: {'lrate': 0.0011850420508723392, 'lrate_decay': 180, 'muon_lrate': 0.00211889755281828}. Best is trial 11 with value: 31.372596740722656.
[I 2026-04-27 22:07:37,051] Trial 16 finished with value: 30.046737670898438 and parameters: {'lrate': 0.002256685652124559, 'lrate_decay': 316, 'muon_lrate': 0.0007093884990013505}. Best is trial 11 with value: 31.372596740722656.
[I 2026-04-28 00:15:25,180] Trial 17 finished with value: 30.58313274383545 and parameters: {'lrate': 0.0006187719340318644, 'lrate_decay': 261, 'muon_lrate': 0.001387674454068362}. Best is trial 11 with value: 31.372596740722656.
[I 2026-04-28 02:23:13,835] Trial 18 finished with value: 31.097512245178223 and parameters: {'lrate': 0.0007359754344391912, 'lrate_decay': 139, 'muon_lrate': 0.0023123159858918917}. Best is trial 11 with value: 31.372596740722656.
[I 2026-04-28 04:30:51,767] Trial 19 finished with value: 30.70289897918701 and parameters: {'lrate': 0.0011069922239228982, 'lrate_decay': 217, 'muon_lrate': 0.0016280004843259683}. Best is trial 11 with value: 31.372596740722656.
[DONE] Summary saved to /workspace/nerf-pytorch/logs/100k_muon_lr/lego/aux-sign/lr0p0003_decay100_mlr0.0003_args/lego_aux-sign_100k_lr0p0003_decay100_mlr0.0003_args_muon_lr_only_summary.json
