[I 2026-04-26 09:56:11,643] Using an existing study with name 'materials_aux-sign_stage1only_100k_lr0p0003_decay100_mlr0.0003_args_muon_lr_only' instead of creating a new one.
[I 2026-04-26 12:04:29,620] Trial 1 finished with value: 29.54500389099121 and parameters: {'lrate': 0.001781796460603777, 'lrate_decay': 386, 'muon_lrate': 0.0012019450985893186}. Best is trial 1 with value: 29.54500389099121.
[I 2026-04-26 14:11:57,913] Trial 2 finished with value: 29.695907592773438 and parameters: {'lrate': 0.0017711845940916215, 'lrate_decay': 269, 'muon_lrate': 0.0013274414292574908}. Best is trial 2 with value: 29.695907592773438.
[I 2026-04-26 16:19:32,395] Trial 3 finished with value: 29.51738452911377 and parameters: {'lrate': 0.0014814854704092697, 'lrate_decay': 457, 'muon_lrate': 0.0027592052977704327}. Best is trial 2 with value: 29.695907592773438.
[I 2026-04-26 18:27:12,967] Trial 4 finished with value: 29.34224510192871 and parameters: {'lrate': 0.0013352921008295997, 'lrate_decay': 417, 'muon_lrate': 0.0010139491476424019}. Best is trial 2 with value: 29.695907592773438.
[I 2026-04-26 20:34:56,239] Trial 5 finished with value: 28.163509368896484 and parameters: {'lrate': 0.0018337203149536173, 'lrate_decay': 471, 'muon_lrate': 0.00035331112522565144}. Best is trial 2 with value: 29.695907592773438.
[I 2026-04-26 22:43:08,601] Trial 6 finished with value: 29.986245155334473 and parameters: {'lrate': 0.0028398147403279855, 'lrate_decay': 159, 'muon_lrate': 0.002304890024875638}. Best is trial 6 with value: 29.986245155334473.
[I 2026-04-27 00:50:59,404] Trial 7 finished with value: 30.15203094482422 and parameters: {'lrate': 0.002810028958575142, 'lrate_decay': 111, 'muon_lrate': 0.0029244738514029476}. Best is trial 7 with value: 30.15203094482422.
[I 2026-04-27 02:58:40,976] Trial 8 finished with value: 27.2995662689209 and parameters: {'lrate': 0.00046030873820958416, 'lrate_decay': 138, 'muon_lrate': 0.00035472207152279894}. Best is trial 7 with value: 30.15203094482422.
[I 2026-04-27 05:06:13,310] Trial 9 finished with value: 28.73508930206299 and parameters: {'lrate': 0.0029835818876275413, 'lrate_decay': 241, 'muon_lrate': 0.0005358722963107287}. Best is trial 7 with value: 30.15203094482422.
[I 2026-04-27 07:14:00,662] Trial 10 finished with value: 29.8381404876709 and parameters: {'lrate': 0.0024120932972754756, 'lrate_decay': 114, 'muon_lrate': 0.0017485836924349654}. Best is trial 7 with value: 30.15203094482422.
[I 2026-04-27 09:21:43,833] Trial 11 finished with value: 28.933591842651367 and parameters: {'lrate': 0.0005341089526404831, 'lrate_decay': 337, 'muon_lrate': 0.0006646271302500591}. Best is trial 7 with value: 30.15203094482422.
[I 2026-04-27 11:29:15,910] Trial 12 finished with value: 30.088735580444336 and parameters: {'lrate': 0.0029168527352741677, 'lrate_decay': 190, 'muon_lrate': 0.00286508940387532}. Best is trial 7 with value: 30.15203094482422.
[I 2026-04-27 13:37:12,349] Trial 13 finished with value: 29.92492961883545 and parameters: {'lrate': 0.0024317494102239546, 'lrate_decay': 209, 'muon_lrate': 0.0020269980300994064}. Best is trial 7 with value: 30.15203094482422.
[I 2026-04-27 15:45:03,208] Trial 14 finished with value: 29.846712112426758 and parameters: {'lrate': 0.002457717067810308, 'lrate_decay': 201, 'muon_lrate': 0.002875440622053905}. Best is trial 7 with value: 30.15203094482422.
[I 2026-04-27 17:53:39,604] Trial 15 finished with value: 29.786917686462402 and parameters: {'lrate': 0.0026339024057822433, 'lrate_decay': 108, 'muon_lrate': 0.0016289418305252606}. Best is trial 7 with value: 30.15203094482422.
[I 2026-04-27 20:01:35,241] Trial 16 finished with value: 29.928455352783203 and parameters: {'lrate': 0.0020851100598606774, 'lrate_decay': 181, 'muon_lrate': 0.0028472118248572694}. Best is trial 7 with value: 30.15203094482422.
[I 2026-04-27 22:08:59,529] Trial 17 finished with value: 29.17351531982422 and parameters: {'lrate': 0.0008392904796379148, 'lrate_decay': 313, 'muon_lrate': 0.0007877008324421208}. Best is trial 7 with value: 30.15203094482422.
[I 2026-04-28 00:16:46,027] Trial 18 finished with value: 29.667057037353516 and parameters: {'lrate': 0.0021107217531402237, 'lrate_decay': 244, 'muon_lrate': 0.0016002473662159557}. Best is trial 7 with value: 30.15203094482422.
[I 2026-04-28 02:24:33,452] Trial 19 finished with value: 30.015417098999023 and parameters: {'lrate': 0.002736553881594433, 'lrate_decay': 100, 'muon_lrate': 0.0021583617266043944}. Best is trial 7 with value: 30.15203094482422.
[I 2026-04-28 04:32:10,284] Trial 20 finished with value: 29.712679862976074 and parameters: {'lrate': 0.0021841730992577025, 'lrate_decay': 159, 'muon_lrate': 0.0012799123998445793}. Best is trial 7 with value: 30.15203094482422.
[DONE] Summary saved to /workspace/nerf-pytorch/logs/100k_muon_lr/materials/aux-sign/lr0p0003_decay100_mlr0.0003_args/materials_aux-sign_100k_lr0p0003_decay100_mlr0.0003_args_muon_lr_only_summary.json
