[I 2026-04-24 10:16:08,921] Using an existing study with name 'mic_aux-muon_stage1only_100k_lr0p0003_decay100_mlr0.0003_args_muon_lr_only' instead of creating a new one.
[I 2026-04-24 12:03:46,413] Trial 1 finished with value: 31.383859634399414 and parameters: {'lrate': 0.001781796460603777, 'lrate_decay': 386, 'muon_lrate': 0.0012019450985893186}. Best is trial 1 with value: 31.383859634399414.
[I 2026-04-24 13:50:55,919] Trial 2 finished with value: 31.49900245666504 and parameters: {'lrate': 0.0017711845940916215, 'lrate_decay': 269, 'muon_lrate': 0.0013274414292574908}. Best is trial 2 with value: 31.49900245666504.
[I 2026-04-24 15:38:27,381] Trial 3 finished with value: 31.42009735107422 and parameters: {'lrate': 0.0014814854704092697, 'lrate_decay': 457, 'muon_lrate': 0.0027592052977704327}. Best is trial 2 with value: 31.49900245666504.
[I 2026-04-24 17:26:02,805] Trial 4 finished with value: 31.21306800842285 and parameters: {'lrate': 0.0013352921008295997, 'lrate_decay': 417, 'muon_lrate': 0.0010139491476424019}. Best is trial 2 with value: 31.49900245666504.
[I 2026-04-24 19:13:28,664] Trial 5 finished with value: 30.095086097717285 and parameters: {'lrate': 0.0018337203149536173, 'lrate_decay': 471, 'muon_lrate': 0.00035331112522565144}. Best is trial 2 with value: 31.49900245666504.
[I 2026-04-24 21:01:06,905] Trial 6 finished with value: 31.92611312866211 and parameters: {'lrate': 0.0028398147403279855, 'lrate_decay': 159, 'muon_lrate': 0.002304890024875638}. Best is trial 6 with value: 31.92611312866211.
[I 2026-04-24 22:49:02,586] Trial 7 finished with value: 32.077009201049805 and parameters: {'lrate': 0.002810028958575142, 'lrate_decay': 111, 'muon_lrate': 0.0029244738514029476}. Best is trial 7 with value: 32.077009201049805.
[I 2026-04-25 00:36:15,282] Trial 8 finished with value: 29.248342514038086 and parameters: {'lrate': 0.00046030873820958416, 'lrate_decay': 138, 'muon_lrate': 0.00035472207152279894}. Best is trial 7 with value: 32.077009201049805.
[I 2026-04-25 02:24:15,419] Trial 9 finished with value: 30.484387397766113 and parameters: {'lrate': 0.0029835818876275413, 'lrate_decay': 241, 'muon_lrate': 0.0005358722963107287}. Best is trial 7 with value: 32.077009201049805.
[I 2026-04-25 04:11:48,692] Trial 10 finished with value: 31.717079162597656 and parameters: {'lrate': 0.0024120932972754756, 'lrate_decay': 114, 'muon_lrate': 0.0017485836924349654}. Best is trial 7 with value: 32.077009201049805.
[I 2026-04-25 05:59:00,902] Trial 11 finished with value: 30.63314437866211 and parameters: {'lrate': 0.0005341089526404831, 'lrate_decay': 337, 'muon_lrate': 0.0006646271302500591}. Best is trial 7 with value: 32.077009201049805.
[I 2026-04-25 07:46:41,615] Trial 12 finished with value: 31.960320472717285 and parameters: {'lrate': 0.0029168527352741677, 'lrate_decay': 190, 'muon_lrate': 0.00286508940387532}. Best is trial 7 with value: 32.077009201049805.
