[I 2026-04-24 10:16:16,634] Using an existing study with name 'ship_aux-muon_stage1only_100k_lr0p0003_decay100_mlr0.0003_args_muon_lr_only' instead of creating a new one.
[I 2026-04-24 12:02:49,161] Trial 2 finished with value: 30.35279941558838 and parameters: {'lrate': 0.001781796460603777, 'lrate_decay': 386, 'muon_lrate': 0.0012019450985893186}. Best is trial 0 with value: 30.35279941558838.
[I 2026-04-24 13:49:31,258] Trial 3 finished with value: 30.497112274169922 and parameters: {'lrate': 0.0017711845940916215, 'lrate_decay': 269, 'muon_lrate': 0.0013274414292574908}. Best is trial 3 with value: 30.497112274169922.
[I 2026-04-24 15:35:49,388] Trial 4 finished with value: 30.417449951171875 and parameters: {'lrate': 0.0014814854704092697, 'lrate_decay': 457, 'muon_lrate': 0.0027592052977704327}. Best is trial 3 with value: 30.497112274169922.
[I 2026-04-24 17:22:48,373] Trial 5 finished with value: 30.262861251831055 and parameters: {'lrate': 0.0013352921008295997, 'lrate_decay': 417, 'muon_lrate': 0.0010139491476424019}. Best is trial 3 with value: 30.497112274169922.
[I 2026-04-24 19:09:14,207] Trial 6 finished with value: 27.98553466796875 and parameters: {'lrate': 0.0028398147403279855, 'lrate_decay': 159, 'muon_lrate': 0.00031469517880745174}. Best is trial 3 with value: 30.497112274169922.
[I 2026-04-24 20:55:45,605] Trial 7 finished with value: 30.865113258361816 and parameters: {'lrate': 0.00035412377657100045, 'lrate_decay': 214, 'muon_lrate': 0.0026467751502051687}. Best is trial 7 with value: 30.865113258361816.
[I 2026-04-24 22:42:30,861] Trial 8 finished with value: 31.169923782348633 and parameters: {'lrate': 0.00042819590380203476, 'lrate_decay': 152, 'muon_lrate': 0.0029603916186583795}. Best is trial 8 with value: 31.169923782348633.
[I 2026-04-25 00:29:05,601] Trial 9 finished with value: 28.19367218017578 and parameters: {'lrate': 0.00046881892672655137, 'lrate_decay': 101, 'muon_lrate': 0.00045677284197567547}. Best is trial 8 with value: 31.169923782348633.
[I 2026-04-25 02:16:01,713] Trial 10 finished with value: 30.69236183166504 and parameters: {'lrate': 0.0009024843434527255, 'lrate_decay': 299, 'muon_lrate': 0.00205261628860025}. Best is trial 8 with value: 31.169923782348633.
[I 2026-04-25 04:03:10,902] Trial 11 finished with value: 29.308415412902832 and parameters: {'lrate': 0.0026378169221667747, 'lrate_decay': 109, 'muon_lrate': 0.0006646271302500591}. Best is trial 8 with value: 31.169923782348633.
[I 2026-04-25 05:50:08,061] Trial 12 finished with value: 31.018441200256348 and parameters: {'lrate': 0.00046459932035720973, 'lrate_decay': 222, 'muon_lrate': 0.0028672279420466065}. Best is trial 8 with value: 31.169923782348633.
[I 2026-04-25 07:36:50,759] Trial 13 finished with value: 30.85246753692627 and parameters: {'lrate': 0.0007281039984147484, 'lrate_decay': 201, 'muon_lrate': 0.0018228873442416367}. Best is trial 8 with value: 31.169923782348633.
