[I 2026-04-26 09:51:55,168] A new study created in RDB with name: chair_aux-sign_stage1only_100k_lr0p0003_decay100_mlr0.0003_args_muon_lr_only
[I 2026-04-26 11:53:04,968] Trial 0 finished with value: 32.572452545166016 and parameters: {'lrate': 0.001781796460603777, 'lrate_decay': 386, 'muon_lrate': 0.0012019450985893186}. Best is trial 0 with value: 32.572452545166016.
[I 2026-04-26 13:54:16,602] Trial 1 finished with value: 32.7273530960083 and parameters: {'lrate': 0.0017711845940916215, 'lrate_decay': 269, 'muon_lrate': 0.0013274414292574908}. Best is trial 1 with value: 32.7273530960083.
[I 2026-04-26 15:55:25,788] Trial 2 finished with value: 32.78373432159424 and parameters: {'lrate': 0.0014814854704092697, 'lrate_decay': 457, 'muon_lrate': 0.0027592052977704327}. Best is trial 2 with value: 32.78373432159424.
[I 2026-04-26 17:56:38,810] Trial 3 finished with value: 32.27753829956055 and parameters: {'lrate': 0.0013352921008295997, 'lrate_decay': 417, 'muon_lrate': 0.0010139491476424019}. Best is trial 2 with value: 32.78373432159424.
[I 2026-04-26 19:57:55,950] Trial 4 finished with value: 31.115965843200684 and parameters: {'lrate': 0.0018337203149536173, 'lrate_decay': 471, 'muon_lrate': 0.00035331112522565144}. Best is trial 2 with value: 32.78373432159424.
[I 2026-04-26 21:59:08,983] Trial 5 finished with value: 33.311140060424805 and parameters: {'lrate': 0.00035490307338731223, 'lrate_decay': 155, 'muon_lrate': 0.002690912124985378}. Best is trial 5 with value: 33.311140060424805.
[I 2026-04-27 00:00:18,901] Trial 6 finished with value: 33.50967597961426 and parameters: {'lrate': 0.00035412377657100045, 'lrate_decay': 111, 'muon_lrate': 0.0029259814710696215}. Best is trial 6 with value: 33.50967597961426.
[I 2026-04-27 02:01:31,906] Trial 7 finished with value: 30.297940254211426 and parameters: {'lrate': 0.00042819590380203476, 'lrate_decay': 138, 'muon_lrate': 0.00035472207152279894}. Best is trial 6 with value: 33.50967597961426.
[I 2026-04-27 04:02:38,151] Trial 8 finished with value: 32.962379455566406 and parameters: {'lrate': 0.0029835818876275413, 'lrate_decay': 241, 'muon_lrate': 0.001756747300270096}. Best is trial 6 with value: 33.50967597961426.
