[I 2026-04-26 00:59:53,744] A new study created in RDB with name: lego_aux-muon_stage1only_100k_lr0p0003_decay100_mlr0.0003_args_muon_lr_only
[I 2026-04-26 02:47:52,654] Trial 0 finished with value: 30.61640739440918 and parameters: {'lrate': 0.001781796460603777, 'lrate_decay': 386, 'muon_lrate': 0.0012019450985893186}. Best is trial 0 with value: 30.61640739440918.
[I 2026-04-26 04:36:25,067] Trial 1 finished with value: 30.609115600585938 and parameters: {'lrate': 0.0017711845940916215, 'lrate_decay': 269, 'muon_lrate': 0.0013274414292574908}. Best is trial 0 with value: 30.61640739440918.
[I 2026-04-26 06:24:28,858] Trial 2 finished with value: 30.837197303771973 and parameters: {'lrate': 0.0014814854704092697, 'lrate_decay': 457, 'muon_lrate': 0.0027592052977704327}. Best is trial 2 with value: 30.837197303771973.
[I 2026-04-26 08:12:27,110] Trial 3 finished with value: 30.444629669189453 and parameters: {'lrate': 0.0013352921008295997, 'lrate_decay': 417, 'muon_lrate': 0.0010139491476424019}. Best is trial 2 with value: 30.837197303771973.
[I 2026-04-26 10:00:41,454] Trial 4 finished with value: 28.983688354492188 and parameters: {'lrate': 0.0018337203149536173, 'lrate_decay': 471, 'muon_lrate': 0.00035331112522565144}. Best is trial 2 with value: 30.837197303771973.
[I 2026-04-26 11:48:38,207] Trial 5 finished with value: 31.20741844177246 and parameters: {'lrate': 0.00035490307338731223, 'lrate_decay': 155, 'muon_lrate': 0.002690912124985378}. Best is trial 5 with value: 31.20741844177246.
[I 2026-04-26 13:36:21,480] Trial 6 finished with value: 31.249632835388184 and parameters: {'lrate': 0.00035412377657100045, 'lrate_decay': 111, 'muon_lrate': 0.0029259814710696215}. Best is trial 6 with value: 31.249632835388184.
[I 2026-04-26 15:24:26,109] Trial 7 finished with value: 27.923269271850586 and parameters: {'lrate': 0.00042819590380203476, 'lrate_decay': 138, 'muon_lrate': 0.00035472207152279894}. Best is trial 6 with value: 31.249632835388184.
[I 2026-04-26 17:12:58,498] Trial 8 finished with value: 30.96635913848877 and parameters: {'lrate': 0.0029835818876275413, 'lrate_decay': 241, 'muon_lrate': 0.001756747300270096}. Best is trial 6 with value: 31.249632835388184.
[I 2026-04-26 19:02:12,402] Trial 9 finished with value: 29.311293601989746 and parameters: {'lrate': 0.0009094209298598038, 'lrate_decay': 204, 'muon_lrate': 0.0005565765131952437}. Best is trial 6 with value: 31.249632835388184.
[I 2026-04-26 20:49:52,317] Trial 10 finished with value: 30.092653274536133 and parameters: {'lrate': 0.0026651943880846114, 'lrate_decay': 337, 'muon_lrate': 0.0006646271302500591}. Best is trial 6 with value: 31.249632835388184.
[I 2026-04-26 22:38:21,040] Trial 11 finished with value: 31.309629440307617 and parameters: {'lrate': 0.00040441047995590625, 'lrate_decay': 119, 'muon_lrate': 0.0028651807424552407}. Best is trial 11 with value: 31.309629440307617.
[I 2026-04-27 00:25:50,406] Trial 12 finished with value: 30.885552406311035 and parameters: {'lrate': 0.0007307877141092226, 'lrate_decay': 102, 'muon_lrate': 0.002027395151253766}. Best is trial 11 with value: 31.309629440307617.
[I 2026-04-27 02:14:13,437] Trial 13 finished with value: 30.819196701049805 and parameters: {'lrate': 0.0009760914971662465, 'lrate_decay': 201, 'muon_lrate': 0.0018003978430660057}. Best is trial 11 with value: 31.309629440307617.
[I 2026-04-27 04:02:03,634] Trial 14 finished with value: 31.26840877532959 and parameters: {'lrate': 0.00033347054226753154, 'lrate_decay': 107, 'muon_lrate': 0.002991853132208196}. Best is trial 11 with value: 31.309629440307617.
[I 2026-04-27 05:50:26,636] Trial 15 finished with value: 31.036340713500977 and parameters: {'lrate': 0.0011850420508723392, 'lrate_decay': 180, 'muon_lrate': 0.00211889755281828}. Best is trial 11 with value: 31.309629440307617.
[I 2026-04-27 07:38:29,582] Trial 16 finished with value: 29.99708843231201 and parameters: {'lrate': 0.002256685652124559, 'lrate_decay': 316, 'muon_lrate': 0.0007093884990013505}. Best is trial 11 with value: 31.309629440307617.
[I 2026-04-27 09:28:06,051] Trial 17 finished with value: 30.523712158203125 and parameters: {'lrate': 0.0006187719340318644, 'lrate_decay': 261, 'muon_lrate': 0.001387674454068362}. Best is trial 11 with value: 31.309629440307617.
[I 2026-04-27 11:16:01,882] Trial 18 finished with value: 31.222732543945312 and parameters: {'lrate': 0.0007359754344391912, 'lrate_decay': 139, 'muon_lrate': 0.0023123159858918917}. Best is trial 11 with value: 31.309629440307617.
[I 2026-04-27 13:03:18,626] Trial 19 finished with value: 30.792621612548828 and parameters: {'lrate': 0.0011069922239228982, 'lrate_decay': 217, 'muon_lrate': 0.0016280004843259683}. Best is trial 11 with value: 31.309629440307617.
[DONE] Summary saved to /workspace/nerf-pytorch/logs/100k_muon_lr/lego/aux-muon/lr0p0003_decay100_mlr0.0003_args/lego_aux-muon_100k_lr0p0003_decay100_mlr0.0003_args_muon_lr_only_summary.json
