[I 2026-04-26 01:05:50,019] Using an existing study with name 'materials_aux-muon_stage1only_100k_lr0p0003_decay100_mlr0.0003_args_muon_lr_only' instead of creating a new one.
[I 2026-04-26 02:52:43,161] Trial 1 finished with value: 29.677059173583984 and parameters: {'lrate': 0.001781796460603777, 'lrate_decay': 386, 'muon_lrate': 0.0012019450985893186}. Best is trial 1 with value: 29.677059173583984.
[I 2026-04-26 04:39:22,920] Trial 2 finished with value: 29.657442092895508 and parameters: {'lrate': 0.0017711845940916215, 'lrate_decay': 269, 'muon_lrate': 0.0013274414292574908}. Best is trial 1 with value: 29.677059173583984.
[I 2026-04-26 06:26:08,190] Trial 3 finished with value: 29.665979385375977 and parameters: {'lrate': 0.0014814854704092697, 'lrate_decay': 457, 'muon_lrate': 0.0027592052977704327}. Best is trial 1 with value: 29.677059173583984.
[I 2026-04-26 08:12:59,149] Trial 4 finished with value: 29.462308883666992 and parameters: {'lrate': 0.0013352921008295997, 'lrate_decay': 417, 'muon_lrate': 0.0010139491476424019}. Best is trial 1 with value: 29.677059173583984.
[I 2026-04-26 09:59:33,210] Trial 5 finished with value: 28.227397918701172 and parameters: {'lrate': 0.0018337203149536173, 'lrate_decay': 471, 'muon_lrate': 0.00035331112522565144}. Best is trial 1 with value: 29.677059173583984.
[I 2026-04-26 11:46:23,102] Trial 6 finished with value: 28.622855186462402 and parameters: {'lrate': 0.0028398147403279855, 'lrate_decay': 155, 'muon_lrate': 0.0005428070601547106}. Best is trial 1 with value: 29.677059173583984.
[I 2026-04-26 13:33:07,344] Trial 7 finished with value: 29.729595184326172 and parameters: {'lrate': 0.00035412377657100045, 'lrate_decay': 333, 'muon_lrate': 0.002082454474961598}. Best is trial 7 with value: 29.729595184326172.
[I 2026-04-26 15:19:24,498] Trial 8 finished with value: 29.842185974121094 and parameters: {'lrate': 0.00042819590380203476, 'lrate_decay': 284, 'muon_lrate': 0.0029577546291650195}. Best is trial 8 with value: 29.842185974121094.
[I 2026-04-26 17:06:26,358] Trial 9 finished with value: 29.833080291748047 and parameters: {'lrate': 0.00046881892672655137, 'lrate_decay': 215, 'muon_lrate': 0.0019508603049305745}. Best is trial 8 with value: 29.842185974121094.
[I 2026-04-26 18:53:27,470] Trial 10 finished with value: 28.694639205932617 and parameters: {'lrate': 0.0009024843434527255, 'lrate_decay': 136, 'muon_lrate': 0.000679359608427015}. Best is trial 8 with value: 29.842185974121094.
[I 2026-04-26 20:40:27,472] Trial 11 finished with value: 29.896629333496094 and parameters: {'lrate': 0.0026378169221667747, 'lrate_decay': 284, 'muon_lrate': 0.0026991897071659884}. Best is trial 11 with value: 29.896629333496094.
[I 2026-04-26 22:27:01,676] Trial 12 finished with value: 29.87886619567871 and parameters: {'lrate': 0.002695085167670417, 'lrate_decay': 281, 'muon_lrate': 0.002833220335964175}. Best is trial 11 with value: 29.896629333496094.
[I 2026-04-27 00:13:35,599] Trial 13 finished with value: 29.81995391845703 and parameters: {'lrate': 0.002897942248655899, 'lrate_decay': 225, 'muon_lrate': 0.0018108569956819013}. Best is trial 11 with value: 29.896629333496094.
[I 2026-04-27 02:00:42,421] Trial 14 finished with value: 29.708526611328125 and parameters: {'lrate': 0.0023123726583607895, 'lrate_decay': 333, 'muon_lrate': 0.0015813180899119442}. Best is trial 11 with value: 29.896629333496094.
[I 2026-04-27 03:47:24,819] Trial 15 finished with value: 29.996904373168945 and parameters: {'lrate': 0.002502251257652659, 'lrate_decay': 212, 'muon_lrate': 0.0023401032429047584}. Best is trial 15 with value: 29.996904373168945.
[I 2026-04-27 05:34:19,241] Trial 16 finished with value: 29.845867156982422 and parameters: {'lrate': 0.0022534705633869617, 'lrate_decay': 191, 'muon_lrate': 0.0021957087520656955}. Best is trial 15 with value: 29.996904373168945.
[I 2026-04-27 07:21:44,218] Trial 17 finished with value: 29.064940452575684 and parameters: {'lrate': 0.0022722395563350246, 'lrate_decay': 119, 'muon_lrate': 0.0007877008324421208}. Best is trial 15 with value: 29.996904373168945.
[I 2026-04-27 09:09:48,574] Trial 18 finished with value: 29.696343421936035 and parameters: {'lrate': 0.0025325586313561504, 'lrate_decay': 239, 'muon_lrate': 0.0015341240478078263}. Best is trial 15 with value: 29.996904373168945.
[I 2026-04-27 10:57:01,139] Trial 19 finished with value: 29.92037868499756 and parameters: {'lrate': 0.002074383516144951, 'lrate_decay': 181, 'muon_lrate': 0.0022580351749519638}. Best is trial 15 with value: 29.996904373168945.
[I 2026-04-27 12:43:22,300] Trial 20 finished with value: 29.494028091430664 and parameters: {'lrate': 0.0021632961422158982, 'lrate_decay': 175, 'muon_lrate': 0.001035331900808491}. Best is trial 15 with value: 29.996904373168945.
[DONE] Summary saved to /workspace/nerf-pytorch/logs/100k_muon_lr/materials/aux-muon/lr0p0003_decay100_mlr0.0003_args/materials_aux-muon_100k_lr0p0003_decay100_mlr0.0003_args_muon_lr_only_summary.json
