[I 2026-04-24 10:13:28,974] Using an existing study with name 'mic_aux-sign_stage1only_100k_lr0p0003_decay100_mlr0.0003_args_muon_lr_only' instead of creating a new one.
[I 2026-04-24 12:14:29,840] Trial 2 finished with value: 31.309646606445312 and parameters: {'lrate': 0.001781796460603777, 'lrate_decay': 386, 'muon_lrate': 0.0012019450985893186}. Best is trial 2 with value: 31.309646606445312.
[I 2026-04-24 14:15:36,177] Trial 3 finished with value: 31.5417537689209 and parameters: {'lrate': 0.0017711845940916215, 'lrate_decay': 269, 'muon_lrate': 0.0013274414292574908}. Best is trial 3 with value: 31.5417537689209.
[I 2026-04-24 16:16:47,500] Trial 4 finished with value: 31.465810775756836 and parameters: {'lrate': 0.0014814854704092697, 'lrate_decay': 457, 'muon_lrate': 0.0027592052977704327}. Best is trial 3 with value: 31.5417537689209.
[I 2026-04-24 18:18:00,260] Trial 5 finished with value: 31.242653846740723 and parameters: {'lrate': 0.0013352921008295997, 'lrate_decay': 417, 'muon_lrate': 0.0010139491476424019}. Best is trial 3 with value: 31.5417537689209.
[I 2026-04-24 20:19:13,588] Trial 6 finished with value: 30.14948081970215 and parameters: {'lrate': 0.0018337203149536173, 'lrate_decay': 471, 'muon_lrate': 0.00035331112522565144}. Best is trial 3 with value: 31.5417537689209.
[I 2026-04-24 22:20:42,639] Trial 7 finished with value: 31.806507110595703 and parameters: {'lrate': 0.0028398147403279855, 'lrate_decay': 159, 'muon_lrate': 0.002304890024875638}. Best is trial 7 with value: 31.806507110595703.
[I 2026-04-25 00:21:54,837] Trial 8 finished with value: 32.05884552001953 and parameters: {'lrate': 0.002810028958575142, 'lrate_decay': 111, 'muon_lrate': 0.0029244738514029476}. Best is trial 8 with value: 32.05884552001953.
[I 2026-04-25 02:23:13,180] Trial 9 finished with value: 29.35276508331299 and parameters: {'lrate': 0.00046030873820958416, 'lrate_decay': 138, 'muon_lrate': 0.00035472207152279894}. Best is trial 8 with value: 32.05884552001953.
[I 2026-04-25 04:24:28,740] Trial 10 finished with value: 30.527636528015137 and parameters: {'lrate': 0.0029835818876275413, 'lrate_decay': 241, 'muon_lrate': 0.0005358722963107287}. Best is trial 8 with value: 32.05884552001953.
[I 2026-04-25 06:25:33,839] Trial 11 finished with value: 31.642797470092773 and parameters: {'lrate': 0.0024120932972754756, 'lrate_decay': 114, 'muon_lrate': 0.0017485836924349654}. Best is trial 8 with value: 32.05884552001953.
