[I 2026-04-24 11:47:17,695] Using an existing study with name 'ship_aux-sign_stage1only_100k_lr0p0003_decay100_mlr0.0003_args_muon_lr_only' instead of creating a new one.
[I 2026-04-24 13:50:11,792] Trial 3 finished with value: 30.425293922424316 and parameters: {'lrate': 0.001781796460603777, 'lrate_decay': 386, 'muon_lrate': 0.0012019450985893186}. Best is trial 3 with value: 30.425293922424316.
[I 2026-04-24 15:52:50,243] Trial 4 finished with value: 30.512056350708008 and parameters: {'lrate': 0.0017711845940916215, 'lrate_decay': 269, 'muon_lrate': 0.0013274414292574908}. Best is trial 4 with value: 30.512056350708008.
[I 2026-04-24 17:55:09,542] Trial 5 finished with value: 30.544487953186035 and parameters: {'lrate': 0.0014814854704092697, 'lrate_decay': 457, 'muon_lrate': 0.0027592052977704327}. Best is trial 5 with value: 30.544487953186035.
[I 2026-04-24 19:57:52,125] Trial 6 finished with value: 30.19973087310791 and parameters: {'lrate': 0.0013352921008295997, 'lrate_decay': 417, 'muon_lrate': 0.0010139491476424019}. Best is trial 5 with value: 30.544487953186035.
[I 2026-04-24 22:00:44,513] Trial 7 finished with value: 28.86132049560547 and parameters: {'lrate': 0.0018337203149536173, 'lrate_decay': 471, 'muon_lrate': 0.00035331112522565144}. Best is trial 5 with value: 30.544487953186035.
[I 2026-04-25 00:03:53,552] Trial 8 finished with value: 31.044803619384766 and parameters: {'lrate': 0.00035490307338731223, 'lrate_decay': 155, 'muon_lrate': 0.002690912124985378}. Best is trial 8 with value: 31.044803619384766.
[I 2026-04-25 02:06:44,995] Trial 9 finished with value: 31.192842483520508 and parameters: {'lrate': 0.00035412377657100045, 'lrate_decay': 111, 'muon_lrate': 0.0029259814710696215}. Best is trial 9 with value: 31.192842483520508.
[I 2026-04-25 04:09:47,416] Trial 10 finished with value: 28.06085968017578 and parameters: {'lrate': 0.00042819590380203476, 'lrate_decay': 138, 'muon_lrate': 0.00035472207152279894}. Best is trial 9 with value: 31.192842483520508.
[I 2026-04-25 06:13:05,307] Trial 11 finished with value: 30.687746047973633 and parameters: {'lrate': 0.0029835818876275413, 'lrate_decay': 241, 'muon_lrate': 0.001756747300270096}. Best is trial 9 with value: 31.192842483520508.
