[I 2026-04-24 10:11:14,085] Using an existing study with name 'hotdog_aux-sign_stage1only_100k_lr0p0003_decay100_mlr0.0003_args_muon_lr_only' instead of creating a new one.
[I 2026-04-24 12:19:07,671] Trial 1 finished with value: 37.44899940490723 and parameters: {'lrate': 0.001781796460603777, 'lrate_decay': 386, 'muon_lrate': 0.0012019450985893186}. Best is trial 1 with value: 37.44899940490723.
[I 2026-04-24 14:27:16,539] Trial 2 finished with value: 37.78413963317871 and parameters: {'lrate': 0.0017711845940916215, 'lrate_decay': 269, 'muon_lrate': 0.0013274414292574908}. Best is trial 2 with value: 37.78413963317871.
[I 2026-04-24 16:35:04,765] Trial 3 finished with value: 37.626644134521484 and parameters: {'lrate': 0.0014814854704092697, 'lrate_decay': 457, 'muon_lrate': 0.0027592052977704327}. Best is trial 2 with value: 37.78413963317871.
[I 2026-04-24 18:43:10,771] Trial 4 finished with value: 37.182931900024414 and parameters: {'lrate': 0.0013352921008295997, 'lrate_decay': 417, 'muon_lrate': 0.0010139491476424019}. Best is trial 2 with value: 37.78413963317871.
[I 2026-04-24 20:51:21,005] Trial 5 finished with value: 36.03543281555176 and parameters: {'lrate': 0.0018337203149536173, 'lrate_decay': 471, 'muon_lrate': 0.00035331112522565144}. Best is trial 2 with value: 37.78413963317871.
[I 2026-04-24 22:58:50,291] Trial 6 finished with value: 38.36896324157715 and parameters: {'lrate': 0.0028398147403279855, 'lrate_decay': 159, 'muon_lrate': 0.002304890024875638}. Best is trial 6 with value: 38.36896324157715.
[I 2026-04-25 01:06:24,241] Trial 7 finished with value: 38.62452507019043 and parameters: {'lrate': 0.002810028958575142, 'lrate_decay': 111, 'muon_lrate': 0.0029244738514029476}. Best is trial 7 with value: 38.62452507019043.
[I 2026-04-25 03:14:21,932] Trial 8 finished with value: 35.3797664642334 and parameters: {'lrate': 0.00046030873820958416, 'lrate_decay': 138, 'muon_lrate': 0.00035472207152279894}. Best is trial 7 with value: 38.62452507019043.
[I 2026-04-25 05:21:42,105] Trial 9 finished with value: 36.69034385681152 and parameters: {'lrate': 0.0029835818876275413, 'lrate_decay': 241, 'muon_lrate': 0.0005358722963107287}. Best is trial 7 with value: 38.62452507019043.
[I 2026-04-25 07:29:22,262] Trial 10 finished with value: 38.181230545043945 and parameters: {'lrate': 0.0024120932972754756, 'lrate_decay': 114, 'muon_lrate': 0.0017485836924349654}. Best is trial 7 with value: 38.62452507019043.
