[I 2026-04-22 09:11:39,337] Using an existing study with name 'hotdog_aux-sign10-rsclF_stage1only_100k_adam_lr0p0005_decay250_muon_lr_only' instead of creating a new one.
[I 2026-04-22 11:35:38,819] Trial 1 finished with value: 37.605255126953125 and parameters: {'muon_lrate': 0.0010615360772719654}. Best is trial 1 with value: 37.605255126953125.
[I 2026-04-22 13:59:06,559] Trial 2 finished with value: 37.897478103637695 and parameters: {'muon_lrate': 0.0015570789053085492}. Best is trial 2 with value: 37.897478103637695.
[I 2026-04-22 16:22:15,602] Trial 3 finished with value: 37.69015884399414 and parameters: {'muon_lrate': 0.0012019450985893186}. Best is trial 2 with value: 37.897478103637695.
[I 2026-04-22 18:45:50,219] Trial 4 finished with value: 37.48606300354004 and parameters: {'muon_lrate': 0.0010519726230559959}. Best is trial 2 with value: 37.897478103637695.
[I 2026-04-22 21:09:43,266] Trial 5 finished with value: 37.36014747619629 and parameters: {'muon_lrate': 0.0007957489130278428}. Best is trial 2 with value: 37.897478103637695.
[I 2026-04-22 23:33:24,833] Trial 6 finished with value: 38.06415939331055 and parameters: {'muon_lrate': 0.002672726662937708}. Best is trial 6 with value: 38.06415939331055.
[I 2026-04-23 01:56:35,525] Trial 7 finished with value: 38.02658653259277 and parameters: {'muon_lrate': 0.0029056726218200783}. Best is trial 6 with value: 38.06415939331055.
[I 2026-04-23 04:20:07,213] Trial 8 finished with value: 36.01923942565918 and parameters: {'muon_lrate': 0.00031469517880745174}. Best is trial 6 with value: 38.06415939331055.
[I 2026-04-23 06:43:13,419] Trial 9 finished with value: 37.85557556152344 and parameters: {'muon_lrate': 0.0025513004740846646}. Best is trial 6 with value: 38.06415939331055.
[I 2026-04-23 09:06:54,887] Trial 10 finished with value: 36.99375534057617 and parameters: {'muon_lrate': 0.0005479013872615021}. Best is trial 6 with value: 38.06415939331055.
[I 2026-04-23 11:30:12,235] Trial 11 finished with value: 37.88613319396973 and parameters: {'muon_lrate': 0.0018551412485878795}. Best is trial 6 with value: 38.06415939331055.
[I 2026-04-23 13:52:54,275] Trial 12 finished with value: 37.88956260681152 and parameters: {'muon_lrate': 0.0027002541890104727}. Best is trial 6 with value: 38.06415939331055.
[I 2026-04-23 16:16:31,404] Trial 13 finished with value: 37.756608963012695 and parameters: {'muon_lrate': 0.00290907310603925}. Best is trial 6 with value: 38.06415939331055.
[I 2026-04-23 18:39:19,016] Trial 14 finished with value: 37.78164291381836 and parameters: {'muon_lrate': 0.0018772921868370994}. Best is trial 6 with value: 38.06415939331055.
[I 2026-04-23 21:03:08,664] Trial 15 finished with value: 37.911376953125 and parameters: {'muon_lrate': 0.0019800987173487464}. Best is trial 6 with value: 38.06415939331055.
[I 2026-04-23 23:26:49,465] Trial 16 finished with value: 37.17508125305176 and parameters: {'muon_lrate': 0.0006778978982622235}. Best is trial 6 with value: 38.06415939331055.
[I 2026-04-24 01:51:00,144] Trial 17 finished with value: 37.70713424682617 and parameters: {'muon_lrate': 0.001471841035392533}. Best is trial 6 with value: 38.06415939331055.
[I 2026-04-24 04:14:59,229] Trial 18 finished with value: 37.855140686035156 and parameters: {'muon_lrate': 0.0022660902324242857}. Best is trial 6 with value: 38.06415939331055.
[I 2026-04-24 06:38:21,529] Trial 19 finished with value: 36.415016174316406 and parameters: {'muon_lrate': 0.00038052436672547245}. Best is trial 6 with value: 38.06415939331055.
[I 2026-04-24 09:01:23,543] Trial 20 finished with value: 37.65678596496582 and parameters: {'muon_lrate': 0.0013873699914012274}. Best is trial 6 with value: 38.06415939331055.
[DONE] Summary saved to /workspace/nerf-pytorch/logs/100k_muon_lr/hotdog/aux-sign10-rsclF/adam_lr0p0005_decay250/hotdog_aux-sign10-rsclF_100k_adam_lr0p0005_decay250_muon_lr_only_summary.json
